#
# A fatal error has been detected by the Java Runtime Environment:
#
#  EXCEPTION_ACCESS_VIOLATION (0xc0000005) at pc=0x0000000061211310, pid=6344, tid=0x00000000000017fc
#
# JRE version: Java(TM) SE Runtime Environment (8.0_111-b14) (build 1.8.0_111-b14)
# Java VM: Java HotSpot(TM) 64-Bit Server VM (25.111-b14 mixed mode windows-amd64 compressed oops)
# Problematic frame:
# V  [jvm.dll+0x4a1310]
#
# Failed to write core dump. Minidumps are not enabled by default on client versions of Windows
#
# If you would like to submit a bug report, please visit:
#   http://bugreport.java.com/bugreport/crash.jsp
#

---------------  T H R E A D  ---------------

Current thread (0x00000000578c4000):  JavaThread "C2 CompilerThread0" daemon [_thread_in_native, id=6140, stack(0x00000000584f0000,0x00000000585f0000)]

siginfo: ExceptionCode=0xc0000005, reading address 0xffffffffffffffff

Registers:
RAX=0x0000000000000000, RBX=0x0000000060925610, RCX=0x100000006158ae00, RDX=0x0000000000000000
RSP=0x00000000585ec010, RBP=0x0000000000000005, RSI=0x0000000000000028, RDI=0x00000000585ec060
R8 =0x0000000060925750, R9 =0x0000000061772600, R10=0x0000000060d70000, R11=0x00000000585ebf30
R12=0x000000006158ae00, R13=0x0000000060d70000, R14=0x00000000578cabe8, R15=0x00000000000003d8
RIP=0x0000000061211310, EFLAGS=0x0000000000010246

Top of Stack: (sp=0x00000000585ec010)
0x00000000585ec010:   00000000585ee7e0 00000000607b8610
0x00000000585ec020:   fffffffffffffff8 00000000578a3b00
0x00000000585ec030:   0000000000004558 000000006120c3df
0x00000000585ec040:   0000000060925610 0000000060925610
0x00000000585ec050:   0000000000004558 00000000585ec140
0x00000000585ec060:   0000000000000000 0000000000000008
0x00000000585ec070:   100000006158ae00 0000000000000000
0x00000000585ec080:   00000000616b0e50 0000000000000078
0x00000000585ec090:   0000000060925750 00000000585ec430
0x00000000585ec0a0:   00000000578ca810 00000000585ec430
0x00000000585ec0b0:   00000000578ca800 00000000611d8461
0x00000000585ec0c0:   0000000000000000 00000000585ec1c0
0x00000000585ec0d0:   0000000000000000 000000000000000c
0x00000000585ec0e0:   0000000000000002 00000000578ca800
0x00000000585ec0f0:   000000006176fdc0 0000000061772a70
0x00000000585ec100:   0000000061777da8 0000000002f44fa8 

Instructions: (pc=0x0000000061211310)
0x00000000612112f0:   48 8b 4f 20 48 39 04 0e 0f 84 9d 00 00 00 48 8b
0x0000000061211300:   0c 0e 33 d2 33 c0 48 89 4f 10 66 0f 1f 44 00 00
0x0000000061211310:   83 3c 08 00 0f 85 36 01 00 00 ff c2 48 83 c0 04
0x0000000061211320:   83 fa 08 72 eb 48 8b 47 30 48 89 44 24 30 48 85 


Register to memory mapping:

RAX=0x0000000000000000 is an unknown value
RBX=0x0000000060925610 is an unknown value
RCX=0x100000006158ae00 is an unknown value
RDX=0x0000000000000000 is an unknown value
RSP=0x00000000585ec010 is pointing into the stack for thread: 0x00000000578c4000
RBP=0x0000000000000005 is an unknown value
RSI=0x0000000000000028 is an unknown value
RDI=0x00000000585ec060 is pointing into the stack for thread: 0x00000000578c4000
R8 =0x0000000060925750 is an unknown value
R9 =0x0000000061772600 is an unknown value
R10=0x0000000060d70000 is an unknown value
R11=0x00000000585ebf30 is pointing into the stack for thread: 0x00000000578c4000
R12=0x000000006158ae00 is an unknown value
R13=0x0000000060d70000 is an unknown value
R14=0x00000000578cabe8 is an unknown value
R15=0x00000000000003d8 is an unknown value


Stack: [0x00000000584f0000,0x00000000585f0000],  sp=0x00000000585ec010,  free space=1008k
Native frames: (J=compiled Java code, j=interpreted, Vv=VM code, C=native code)
V  [jvm.dll+0x4a1310]
V  [jvm.dll+0x49c3df]
V  [jvm.dll+0x468461]
V  [jvm.dll+0x47374b]
V  [jvm.dll+0x476057]
V  [jvm.dll+0x4589b2]
V  [jvm.dll+0xa5742]
V  [jvm.dll+0xa607f]
V  [jvm.dll+0x244b7f]
V  [jvm.dll+0x29c43a]
C  [msvcr100.dll+0x21d9f]
C  [msvcr100.dll+0x21e3b]
C  [kernel32.dll+0x15a4d]
C  [ntdll.dll+0x2b831]


Current CompileTask:
C2:  11076 3609       4       org.springframework.asm.ClassReader::readCode (3343 bytes)


---------------  P R O C E S S  ---------------

Java Threads: ( => current thread )
  0x00000000021ba800 JavaThread "DestroyJavaVM" [_thread_blocked, id=5772, stack(0x00000000023f0000,0x00000000024f0000)]
  0x00000000625ab000 JavaThread "http-nio-8080-AsyncTimeout" daemon [_thread_blocked, id=6528, stack(0x0000000060bf0000,0x0000000060cf0000)]
  0x000000005d611800 JavaThread "http-nio-8080-Acceptor-0" daemon [_thread_in_native, id=4656, stack(0x0000000063860000,0x0000000063960000)]
  0x000000005b761000 JavaThread "http-nio-8080-ClientPoller-1" daemon [_thread_in_native, id=5156, stack(0x000000005c770000,0x000000005c870000)]
  0x000000005e94f800 JavaThread "http-nio-8080-ClientPoller-0" daemon [_thread_in_native, id=5144, stack(0x0000000060570000,0x0000000060670000)]
  0x000000005e93e800 JavaThread "NioBlockingSelector.BlockPoller-1" daemon [_thread_in_native, id=4696, stack(0x0000000060360000,0x0000000060460000)]
  0x0000000059d1c000 JavaThread "container-0" [_thread_blocked, id=5164, stack(0x000000005fd90000,0x000000005fe90000)]
  0x00000000590e2800 JavaThread "ContainerBackgroundProcessor[StandardEngine[Tomcat]]" daemon [_thread_blocked, id=4104, stack(0x000000005c8e0000,0x000000005c9e0000)]
  0x000000005ed60000 JavaThread "localhost-startStop-1" daemon [_thread_blocked, id=5624, stack(0x00000000601b0000,0x00000000602b0000)]
  0x000000005e8e6800 JavaThread "Tomcat-startStop-1" daemon [_thread_blocked, id=5160, stack(0x000000005c1d0000,0x000000005c2d0000)]
  0x0000000057944000 JavaThread "Service Thread" daemon [_thread_blocked, id=6036, stack(0x0000000058930000,0x0000000058a30000)]
  0x00000000578cb800 JavaThread "C1 CompilerThread2" daemon [_thread_blocked, id=984, stack(0x0000000057ca0000,0x0000000057da0000)]
  0x00000000578c6800 JavaThread "C2 CompilerThread1" daemon [_thread_blocked, id=2280, stack(0x0000000058640000,0x0000000058740000)]
=>0x00000000578c4000 JavaThread "C2 CompilerThread0" daemon [_thread_in_native, id=6140, stack(0x00000000584f0000,0x00000000585f0000)]
  0x00000000578b9000 JavaThread "JDWP Command Reader" daemon [_thread_in_native, id=5956, stack(0x0000000058340000,0x0000000058440000)]
  0x00000000578b2000 JavaThread "JDWP Event Helper Thread" daemon [_thread_blocked, id=1580, stack(0x0000000057ea0000,0x0000000057fa0000)]
  0x0000000056288800 JavaThread "JDWP Transport Listener: dt_socket" daemon [_thread_blocked, id=4624, stack(0x0000000058120000,0x0000000058220000)]
  0x00000000578a4000 JavaThread "Attach Listener" daemon [_thread_blocked, id=2956, stack(0x0000000058020000,0x0000000058120000)]
  0x00000000578a2800 JavaThread "Signal Dispatcher" daemon [_thread_blocked, id=5192, stack(0x0000000057da0000,0x0000000057ea0000)]
  0x000000005626c000 JavaThread "Finalizer" daemon [_thread_blocked, id=2192, stack(0x00000000577a0000,0x00000000578a0000)]
  0x0000000056224800 JavaThread "Reference Handler" daemon [_thread_blocked, id=6308, stack(0x00000000574e0000,0x00000000575e0000)]

Other Threads:
  0x000000005621d000 VMThread [stack: 0x0000000057330000,0x0000000057430000] [id=3324]
  0x0000000057959000 WatcherThread [stack: 0x0000000058a90000,0x0000000058b90000] [id=2880]

VM state:not at safepoint (normal execution)

VM Mutex/Monitor currently owned by a thread: None

Heap:
 PSYoungGen      total 186880K, used 30616K [0x00000000e0180000, 0x00000000ec980000, 0x0000000100000000)
  eden space 175104K, 10% used [0x00000000e0180000,0x00000000e13ea3b8,0x00000000eac80000)
  from space 11776K, 99% used [0x00000000eba00000,0x00000000ec57c030,0x00000000ec580000)
  to   space 13824K, 0% used [0x00000000eac80000,0x00000000eac80000,0x00000000eba00000)
 ParOldGen       total 48128K, used 14222K [0x00000000a0400000, 0x00000000a3300000, 0x00000000e0180000)
  object space 48128K, 29% used [0x00000000a0400000,0x00000000a11e38a0,0x00000000a3300000)
 Metaspace       used 31565K, capacity 32092K, committed 32256K, reserved 1077248K
  class space    used 3858K, capacity 3971K, committed 4096K, reserved 1048576K

Card table byte_map: [0x0000000011b80000,0x0000000011e80000] byte_map_base: 0x000000001167e000

Marking Bits: (ParMarkBitMap*) 0x000000006158a6c0
 Begin Bits: [0x00000000125b0000, 0x0000000013da0000)
 End Bits:   [0x0000000013da0000, 0x0000000015590000)

Polling page: 0x0000000000430000

CodeCache: size=245760Kb used=13748Kb max_used=13779Kb free=232011Kb
 bounds [0x00000000027c0000, 0x0000000003550000, 0x00000000117c0000]
 total_blobs=3807 nmethods=3403 adapters=324
 compilation: enabled

Compilation events (10 events):
Event: 10.626 Thread 0x00000000578c6800 3855       4       java.util.TreeMap::successor (66 bytes)
Event: 10.629 Thread 0x00000000578c6800 nmethod 3855 0x0000000003523a10 code [0x0000000003523b60, 0x0000000003523c38]
Event: 10.629 Thread 0x00000000578c6800 3806       4       org.springframework.core.ResolvableType::resolve (16 bytes)
Event: 10.629 Thread 0x00000000578c6800 nmethod 3806 0x0000000003523810 code [0x0000000003523940, 0x0000000003523998]
Event: 10.629 Thread 0x00000000578c6800 3856       4       java.util.TreeMap$PrivateEntryIterator::nextEntry (54 bytes)
Event: 10.633 Thread 0x00000000578c6800 nmethod 3856 0x0000000003521a90 code [0x0000000003521be0, 0x0000000003521d78]
Event: 10.633 Thread 0x00000000578c6800 3840       4       org.springframework.core.ResolvableType::forType (107 bytes)
Event: 10.955 Thread 0x00000000578c6800 nmethod 3840 0x0000000003533510 code [0x0000000003533b80, 0x0000000003539050]
Event: 10.955 Thread 0x00000000578c6800 3764       4       java.lang.reflect.Method::hashCode (19 bytes)
Event: 10.967 Thread 0x00000000578c6800 nmethod 3764 0x0000000003521290 code [0x00000000035213e0, 0x00000000035217e8]

GC Heap History (10 events):
Event: 3.962 GC heap before
{Heap before GC invocations=5 (full 0):
 PSYoungGen      total 53248K, used 53216K [0x00000000e0180000, 0x00000000e3980000, 0x0000000100000000)
  eden space 49152K, 100% used [0x00000000e0180000,0x00000000e3180000,0x00000000e3180000)
  from space 4096K, 99% used [0x00000000e3580000,0x00000000e3978020,0x00000000e3980000)
  to   space 4096K, 0% used [0x00000000e3180000,0x00000000e3180000,0x00000000e3580000)
 ParOldGen       total 65536K, used 9289K [0x00000000a0400000, 0x00000000a4400000, 0x00000000e0180000)
  object space 65536K, 14% used [0x00000000a0400000,0x00000000a0d12620,0x00000000a4400000)
 Metaspace       used 20313K, capacity 20552K, committed 20864K, reserved 1067008K
  class space    used 2461K, capacity 2573K, committed 2688K, reserved 1048576K
Event: 4.057 GC heap after
Heap after GC invocations=5 (full 0):
 PSYoungGen      total 53248K, used 4064K [0x00000000e0180000, 0x00000000e7580000, 0x0000000100000000)
  eden space 49152K, 0% used [0x00000000e0180000,0x00000000e0180000,0x00000000e3180000)
  from space 4096K, 99% used [0x00000000e3180000,0x00000000e3578040,0x00000000e3580000)
  to   space 10240K, 0% used [0x00000000e6b80000,0x00000000e6b80000,0x00000000e7580000)
 ParOldGen       total 65536K, used 13475K [0x00000000a0400000, 0x00000000a4400000, 0x00000000e0180000)
  object space 65536K, 20% used [0x00000000a0400000,0x00000000a1128fb8,0x00000000a4400000)
 Metaspace       used 20313K, capacity 20552K, committed 20864K, reserved 1067008K
  class space    used 2461K, capacity 2573K, committed 2688K, reserved 1048576K
}
Event: 4.219 GC heap before
{Heap before GC invocations=6 (full 0):
 PSYoungGen      total 53248K, used 12724K [0x00000000e0180000, 0x00000000e7580000, 0x0000000100000000)
  eden space 49152K, 17% used [0x00000000e0180000,0x00000000e09f51a8,0x00000000e3180000)
  from space 4096K, 99% used [0x00000000e3180000,0x00000000e3578040,0x00000000e3580000)
  to   space 10240K, 0% used [0x00000000e6b80000,0x00000000e6b80000,0x00000000e7580000)
 ParOldGen       total 65536K, used 13475K [0x00000000a0400000, 0x00000000a4400000, 0x00000000e0180000)
  object space 65536K, 20% used [0x00000000a0400000,0x00000000a1128fb8,0x00000000a4400000)
 Metaspace       used 20938K, capacity 21230K, committed 21296K, reserved 1069056K
  class space    used 2556K, capacity 2670K, committed 2688K, reserved 1048576K
Event: 4.228 GC heap after
Heap after GC invocations=6 (full 0):
 PSYoungGen      total 108544K, used 5217K [0x00000000e0180000, 0x00000000e7580000, 0x0000000100000000)
  eden space 98304K, 0% used [0x00000000e0180000,0x00000000e0180000,0x00000000e6180000)
  from space 10240K, 50% used [0x00000000e6b80000,0x00000000e70986c8,0x00000000e7580000)
  to   space 10240K, 0% used [0x00000000e6180000,0x00000000e6180000,0x00000000e6b80000)
 ParOldGen       total 65536K, used 13483K [0x00000000a0400000, 0x00000000a4400000, 0x00000000e0180000)
  object space 65536K, 20% used [0x00000000a0400000,0x00000000a112afb8,0x00000000a4400000)
 Metaspace       used 20938K, capacity 21230K, committed 21296K, reserved 1069056K
  class space    used 2556K, capacity 2670K, committed 2688K, reserved 1048576K
}
Event: 4.228 GC heap before
{Heap before GC invocations=7 (full 1):
 PSYoungGen      total 108544K, used 5217K [0x00000000e0180000, 0x00000000e7580000, 0x0000000100000000)
  eden space 98304K, 0% used [0x00000000e0180000,0x00000000e0180000,0x00000000e6180000)
  from space 10240K, 50% used [0x00000000e6b80000,0x00000000e70986c8,0x00000000e7580000)
  to   space 10240K, 0% used [0x00000000e6180000,0x00000000e6180000,0x00000000e6b80000)
 ParOldGen       total 65536K, used 13483K [0x00000000a0400000, 0x00000000a4400000, 0x00000000e0180000)
  object space 65536K, 20% used [0x00000000a0400000,0x00000000a112afb8,0x00000000a4400000)
 Metaspace       used 20938K, capacity 21230K, committed 21296K, reserved 1069056K
  class space    used 2556K, capacity 2670K, committed 2688K, reserved 1048576K
Event: 4.285 GC heap after
Heap after GC invocations=7 (full 1):
 PSYoungGen      total 108544K, used 0K [0x00000000e0180000, 0x00000000e7580000, 0x0000000100000000)
  eden space 98304K, 0% used [0x00000000e0180000,0x00000000e0180000,0x00000000e6180000)
  from space 10240K, 0% used [0x00000000e6b80000,0x00000000e6b80000,0x00000000e7580000)
  to   space 10240K, 0% used [0x00000000e6180000,0x00000000e6180000,0x00000000e6b80000)
 ParOldGen       total 48128K, used 12947K [0x00000000a0400000, 0x00000000a3300000, 0x00000000e0180000)
  object space 48128K, 26% used [0x00000000a0400000,0x00000000a10a4c00,0x00000000a3300000)
 Metaspace       used 20938K, capacity 21230K, committed 21296K, reserved 1069056K
  class space    used 2556K, capacity 2670K, committed 2688K, reserved 1048576K
}
Event: 7.869 GC heap before
{Heap before GC invocations=8 (full 1):
 PSYoungGen      total 108544K, used 98304K [0x00000000e0180000, 0x00000000e7580000, 0x0000000100000000)
  eden space 98304K, 100% used [0x00000000e0180000,0x00000000e6180000,0x00000000e6180000)
  from space 10240K, 0% used [0x00000000e6b80000,0x00000000e6b80000,0x00000000e7580000)
  to   space 10240K, 0% used [0x00000000e6180000,0x00000000e6180000,0x00000000e6b80000)
 ParOldGen       total 48128K, used 12947K [0x00000000a0400000, 0x00000000a3300000, 0x00000000e0180000)
  object space 48128K, 26% used [0x00000000a0400000,0x00000000a10a4c00,0x00000000a3300000)
 Metaspace       used 27884K, capacity 28202K, committed 28416K, reserved 1075200K
  class space    used 3405K, capacity 3512K, committed 3584K, reserved 1048576K
Event: 7.890 GC heap after
Heap after GC invocations=8 (full 1):
 PSYoungGen      total 108544K, used 10135K [0x00000000e0180000, 0x00000000ec580000, 0x0000000100000000)
  eden space 98304K, 0% used [0x00000000e0180000,0x00000000e0180000,0x00000000e6180000)
  from space 10240K, 98% used [0x00000000e6180000,0x00000000e6b65e10,0x00000000e6b80000)
  to   space 11776K, 0% used [0x00000000eba00000,0x00000000eba00000,0x00000000ec580000)
 ParOldGen       total 48128K, used 12955K [0x00000000a0400000, 0x00000000a3300000, 0x00000000e0180000)
  object space 48128K, 26% used [0x00000000a0400000,0x00000000a10a6c00,0x00000000a3300000)
 Metaspace       used 27884K, capacity 28202K, committed 28416K, reserved 1075200K
  class space    used 3405K, capacity 3512K, committed 3584K, reserved 1048576K
}
Event: 9.919 GC heap before
{Heap before GC invocations=9 (full 1):
 PSYoungGen      total 108544K, used 108439K [0x00000000e0180000, 0x00000000ec580000, 0x0000000100000000)
  eden space 98304K, 100% used [0x00000000e0180000,0x00000000e6180000,0x00000000e6180000)
  from space 10240K, 98% used [0x00000000e6180000,0x00000000e6b65e10,0x00000000e6b80000)
  to   space 11776K, 0% used [0x00000000eba00000,0x00000000eba00000,0x00000000ec580000)
 ParOldGen       total 48128K, used 12955K [0x00000000a0400000, 0x00000000a3300000, 0x00000000e0180000)
  object space 48128K, 26% used [0x00000000a0400000,0x00000000a10a6c00,0x00000000a3300000)
 Metaspace       used 30326K, capacity 30818K, committed 31104K, reserved 1077248K
  class space    used 3712K, capacity 3848K, committed 3968K, reserved 1048576K
Event: 10.043 GC heap after
Heap after GC invocations=9 (full 1):
 PSYoungGen      total 186880K, used 11760K [0x00000000e0180000, 0x00000000ec980000, 0x0000000100000000)
  eden space 175104K, 0% used [0x00000000e0180000,0x00000000e0180000,0x00000000eac80000)
  from space 11776K, 99% used [0x00000000eba00000,0x00000000ec57c030,0x00000000ec580000)
  to   space 13824K, 0% used [0x00000000eac80000,0x00000000eac80000,0x00000000eba00000)
 ParOldGen       total 48128K, used 14222K [0x00000000a0400000, 0x00000000a3300000, 0x00000000e0180000)
  object space 48128K, 29% used [0x00000000a0400000,0x00000000a11e38a0,0x00000000a3300000)
 Metaspace       used 30326K, capacity 30818K, committed 31104K, reserved 1077248K
  class space    used 3712K, capacity 3848K, committed 3968K, reserved 1048576K
}

Deoptimization events (10 events):
Event: 9.591 Thread 0x00000000021ba800 Uncommon trap: reason=bimorphic action=maybe_recompile pc=0x000000000342d55c method=com.sun.beans.TypeResolver.resolve(Ljava/lang/reflect/Type;Ljava/lang/reflect/Type;)Ljava/lang/reflect/Type; @ 225
Event: 9.591 Thread 0x00000000021ba800 Uncommon trap: reason=bimorphic action=maybe_recompile pc=0x000000000342d55c method=com.sun.beans.TypeResolver.resolve(Ljava/lang/reflect/Type;Ljava/lang/reflect/Type;)Ljava/lang/reflect/Type; @ 225
Event: 10.267 Thread 0x00000000021ba800 Uncommon trap: reason=bimorphic action=maybe_recompile pc=0x0000000003194950 method=org.springframework.core.env.PropertySource.containsProperty(Ljava/lang/String;)Z @ 2
Event: 10.297 Thread 0x00000000021ba800 Uncommon trap: reason=null_check action=make_not_entrant pc=0x00000000033623f4 method=org.springframework.util.ClassUtils.isAssignable(Ljava/lang/Class;Ljava/lang/Class;)Z @ 14
Event: 10.326 Thread 0x00000000021ba800 Uncommon trap: reason=bimorphic action=maybe_recompile pc=0x0000000003194950 method=org.springframework.core.env.PropertySource.containsProperty(Ljava/lang/String;)Z @ 2
Event: 10.337 Thread 0x00000000021ba800 Uncommon trap: reason=bimorphic action=maybe_recompile pc=0x0000000003194950 method=org.springframework.core.env.PropertySource.containsProperty(Ljava/lang/String;)Z @ 2
Event: 10.344 Thread 0x00000000021ba800 Uncommon trap: reason=bimorphic action=maybe_recompile pc=0x0000000003194950 method=org.springframework.core.env.PropertySource.containsProperty(Ljava/lang/String;)Z @ 2
Event: 10.419 Thread 0x00000000021ba800 Uncommon trap: reason=unstable_if action=reinterpret pc=0x0000000002907d44 method=org.springframework.util.ConcurrentReferenceHashMap$Segment.clear()V @ 4
Event: 10.611 Thread 0x00000000021ba800 Uncommon trap: reason=bimorphic action=maybe_recompile pc=0x000000000326ae5c method=java.util.Hashtable.get(Ljava/lang/Object;)Ljava/lang/Object; @ 6
Event: 10.611 Thread 0x00000000021ba800 Uncommon trap: reason=bimorphic action=maybe_recompile pc=0x000000000326ae5c method=java.util.Hashtable.get(Ljava/lang/Object;)Ljava/lang/Object; @ 6

Internal exceptions (10 events):
Event: 10.295 Thread 0x00000000021ba800 Exception <a 'java/lang/ClassNotFoundException': org/springframework/jmx/export/metadata/AbstractJmxAttributeCustomizer> (0x00000000e0a98fd0) thrown at [C:\re\workspace\8-2-build-windows-amd64-cygwin\jdk8u111\7883\hotspot\src\share\vm\classfile\systemDict
Event: 10.296 Thread 0x00000000021ba800 Exception <a 'java/lang/ClassNotFoundException': org/springframework/jmx/export/metadata/ManagedResourceCustomizer> (0x00000000e0aaabe0) thrown at [C:\re\workspace\8-2-build-windows-amd64-cygwin\jdk8u111\7883\hotspot\src\share\vm\classfile\systemDictionar
Event: 10.299 Thread 0x00000000021ba800 Exception <a 'java/lang/ClassNotFoundException': java/lang/ObjectCustomizer> (0x00000000e0acbca0) thrown at [C:\re\workspace\8-2-build-windows-amd64-cygwin\jdk8u111\7883\hotspot\src\share\vm\classfile\systemDictionary.cpp, line 210]
Event: 10.300 Thread 0x00000000021ba800 Exception <a 'java/lang/ClassNotFoundException': org/springframework/boot/actuate/endpoint/jmx/EndpointMBeanCustomizer> (0x00000000e0adb9f8) thrown at [C:\re\workspace\8-2-build-windows-amd64-cygwin\jdk8u111\7883\hotspot\src\share\vm\classfile\systemDicti
Event: 10.303 Thread 0x00000000021ba800 Exception <a 'java/lang/ClassNotFoundException': org/springframework/boot/actuate/endpoint/jmx/DataEndpointMBeanCustomizer> (0x00000000e0b02788) thrown at [C:\re\workspace\8-2-build-windows-amd64-cygwin\jdk8u111\7883\hotspot\src\share\vm\classfile\systemD
Event: 10.304 Thread 0x00000000021ba800 Exception <a 'java/lang/ClassNotFoundException': java/lang/ObjectCustomizer> (0x00000000e0b134e0) thrown at [C:\re\workspace\8-2-build-windows-amd64-cygwin\jdk8u111\7883\hotspot\src\share\vm\classfile\systemDictionary.cpp, line 210]
Event: 10.305 Thread 0x00000000021ba800 Exception <a 'java/lang/ClassNotFoundException': org/springframework/jmx/export/metadata/AbstractJmxAttributeCustomizer> (0x00000000e0b231e0) thrown at [C:\re\workspace\8-2-build-windows-amd64-cygwin\jdk8u111\7883\hotspot\src\share\vm\classfile\systemDict
Event: 10.306 Thread 0x00000000021ba800 Exception <a 'java/lang/ClassNotFoundException': org/springframework/jmx/export/metadata/ManagedAttributeCustomizer> (0x00000000e0b346d0) thrown at [C:\re\workspace\8-2-build-windows-amd64-cygwin\jdk8u111\7883\hotspot\src\share\vm\classfile\systemDictiona
Event: 10.316 Thread 0x00000000021ba800 Exception <a 'java/lang/ClassNotFoundException': java/lang/ObjectCustomizer> (0x00000000e0b76710) thrown at [C:\re\workspace\8-2-build-windows-amd64-cygwin\jdk8u111\7883\hotspot\src\share\vm\classfile\systemDictionary.cpp, line 210]
Event: 10.316 Thread 0x00000000021ba800 Exception <a 'java/lang/ClassNotFoundException': org/springframework/boot/actuate/endpoint/jmx/EndpointMBeanCustomizer> (0x00000000e0b86428) thrown at [C:\re\workspace\8-2-build-windows-amd64-cygwin\jdk8u111\7883\hotspot\src\share\vm\classfile\systemDicti

Events (10 events):
Event: 10.616 loading class org/springframework/util/ConcurrentReferenceHashMap$EntryIterator
Event: 10.616 loading class org/springframework/util/ConcurrentReferenceHashMap$EntryIterator done
Event: 10.617 loading class org/springframework/boot/ApplicationRunner
Event: 10.617 loading class org/springframework/boot/ApplicationRunner done
Event: 10.618 loading class org/springframework/boot/CommandLineRunner
Event: 10.618 loading class org/springframework/boot/CommandLineRunner done
Event: 10.622 loading class org/springframework/util/StopWatch$TaskInfo
Event: 10.622 loading class org/springframework/util/StopWatch$TaskInfo done
Event: 10.623 Thread 0x00000000021ba800 Thread exited: 0x00000000021ba800
Event: 10.623 Thread 0x00000000021ba800 Thread added: 0x00000000021ba800


Dynamic libraries:
0x000000013f450000 - 0x000000013f487000 	C:\Program Files\Java\jdk1.8.0_111\bin\java.exe
0x0000000077640000 - 0x00000000777e9000 	C:\Windows\SYSTEM32\ntdll.dll
0x0000000077420000 - 0x0000000077540000 	C:\Windows\system32\kernel32.dll
0x000007fefd590000 - 0x000007fefd5fc000 	C:\Windows\system32\KERNELBASE.dll
0x000007feff750000 - 0x000007feff82b000 	C:\Windows\system32\ADVAPI32.dll
0x000007feff3f0000 - 0x000007feff48f000 	C:\Windows\system32\msvcrt.dll
0x000007fefe2b0000 - 0x000007fefe2cf000 	C:\Windows\SYSTEM32\sechost.dll
0x000007feff270000 - 0x000007feff39d000 	C:\Windows\system32\RPCRT4.dll
0x0000000077540000 - 0x000000007763a000 	C:\Windows\system32\USER32.dll
0x000007fefd970000 - 0x000007fefd9d7000 	C:\Windows\system32\GDI32.dll
0x000007fefd900000 - 0x000007fefd90e000 	C:\Windows\system32\LPK.dll
0x000007feff680000 - 0x000007feff749000 	C:\Windows\system32\USP10.dll
0x000007fefb8e0000 - 0x000007fefbad4000 	C:\Windows\WinSxS\amd64_microsoft.windows.common-controls_6595b64144ccf1df_6.0.7601.18837_none_fa3b1e3d17594757\COMCTL32.dll
0x000007fefe2d0000 - 0x000007fefe341000 	C:\Windows\system32\SHLWAPI.dll
0x000007fefd8b0000 - 0x000007fefd8de000 	C:\Windows\system32\IMM32.DLL
0x000007fefd7a0000 - 0x000007fefd8a9000 	C:\Windows\system32\MSCTF.dll
0x0000000067580000 - 0x0000000067652000 	C:\Program Files\Java\jdk1.8.0_111\jre\bin\msvcr100.dll
0x0000000060d70000 - 0x000000006160a000 	C:\Program Files\Java\jdk1.8.0_111\jre\bin\server\jvm.dll
0x000007fef4640000 - 0x000007fef4649000 	C:\Windows\system32\WSOCK32.dll
0x000007feff3a0000 - 0x000007feff3ed000 	C:\Windows\system32\WS2_32.dll
0x000007feff670000 - 0x000007feff678000 	C:\Windows\system32\NSI.dll
0x000007fef66d0000 - 0x000007fef670b000 	C:\Windows\system32\WINMM.dll
0x000007fefc4b0000 - 0x000007fefc4bc000 	C:\Windows\system32\VERSION.dll
0x0000000077800000 - 0x0000000077807000 	C:\Windows\system32\PSAPI.DLL
0x0000000067570000 - 0x000000006757f000 	C:\Program Files\Java\jdk1.8.0_111\jre\bin\verify.dll
0x0000000067540000 - 0x0000000067569000 	C:\Program Files\Java\jdk1.8.0_111\jre\bin\java.dll
0x0000000067070000 - 0x00000000670a5000 	C:\Program Files\Java\jdk1.8.0_111\jre\bin\jdwp.dll
0x0000000067060000 - 0x0000000067068000 	C:\Program Files\Java\jdk1.8.0_111\jre\bin\npt.dll
0x0000000067520000 - 0x0000000067536000 	C:\Program Files\Java\jdk1.8.0_111\jre\bin\zip.dll
0x000007fefe350000 - 0x000007feff0d9000 	C:\Windows\system32\SHELL32.dll
0x000007fefdf20000 - 0x000007fefe123000 	C:\Windows\system32\ole32.dll
0x000007fefd3e0000 - 0x000007fefd3ef000 	C:\Windows\system32\profapi.dll
0x0000000067050000 - 0x0000000067059000 	C:\Program Files\Java\jdk1.8.0_111\jre\bin\dt_socket.dll
0x000007fefcb90000 - 0x000007fefcbe5000 	C:\Windows\system32\mswsock.dll
0x000007fefc5a0000 - 0x000007fefc5a7000 	C:\Windows\System32\wshtcpip.dll
0x0000000067040000 - 0x000000006704d000 	C:\Program Files\Java\jdk1.8.0_111\jre\bin\management.dll
0x0000000067450000 - 0x000000006746a000 	C:\Program Files\Java\jdk1.8.0_111\jre\bin\net.dll
0x000007fefcdf0000 - 0x000007fefcdf7000 	C:\Windows\System32\wship6.dll
0x000007fefbcf0000 - 0x000007fefbd05000 	C:\Windows\system32\NLAapi.dll
0x000007fef7030000 - 0x000007fef7045000 	C:\Windows\system32\napinsp.dll
0x000007fef7010000 - 0x000007fef7029000 	C:\Windows\system32\pnrpnsp.dll
0x000007fefc9c0000 - 0x000007fefca1b000 	C:\Windows\system32\DNSAPI.dll
0x000007fef7000000 - 0x000007fef700b000 	C:\Windows\System32\winrnr.dll
0x000007feed470000 - 0x000007feed480000 	C:\Windows\system32\wshbth.dll
0x000007fefb860000 - 0x000007fefb887000 	C:\Windows\system32\IPHLPAPI.DLL
0x000007fefb850000 - 0x000007fefb85b000 	C:\Windows\system32\WINNSI.DLL
0x000007fef9b40000 - 0x000007fef9b48000 	C:\Windows\system32\rasadhlp.dll
0x000007fefadd0000 - 0x000007fefae23000 	C:\Windows\System32\fwpuclnt.dll
0x00000000670f0000 - 0x0000000067101000 	C:\Program Files\Java\jdk1.8.0_111\jre\bin\nio.dll
0x000007fefcd70000 - 0x000007fefcd88000 	C:\Windows\system32\CRYPTSP.dll
0x000007fefc8e0000 - 0x000007fefc927000 	C:\Windows\system32\rsaenh.dll
0x000007fefd770000 - 0x000007fefd78e000 	C:\Windows\system32\USERENV.dll
0x000007fefd280000 - 0x000007fefd28f000 	C:\Windows\system32\CRYPTBASE.dll
0x000007fefad30000 - 0x000007fefad41000 	C:\Windows\system32\dhcpcsvc6.DLL
0x000007fefad10000 - 0x000007fefad28000 	C:\Windows\system32\dhcpcsvc.DLL
0x000007fef6ea0000 - 0x000007fef6fc5000 	C:\Windows\system32\dbghelp.dll

VM Arguments:
jvm_args: -Xdebug -Xrunjdwp:transport=dt_socket,server=n,address=52952 
java_command: com.codemark.MicrocontrolApplication
java_class_path (initial): C:\src\microcontrol\target\classes;C:\Users\Lukasz\.m2\repository\org\springframework\boot\spring-boot-starter\1.4.3.RELEASE\spring-boot-starter-1.4.3.RELEASE.jar;C:\Users\Lukasz\.m2\repository\org\springframework\boot\spring-boot\1.4.3.RELEASE\spring-boot-1.4.3.RELEASE.jar;C:\Users\Lukasz\.m2\repository\org\springframework\spring-context\4.3.5.RELEASE\spring-context-4.3.5.RELEASE.jar;C:\Users\Lukasz\.m2\repository\org\springframework\boot\spring-boot-autoconfigure\1.4.3.RELEASE\spring-boot-autoconfigure-1.4.3.RELEASE.jar;C:\Users\Lukasz\.m2\repository\org\springframework\boot\spring-boot-starter-logging\1.4.3.RELEASE\spring-boot-starter-logging-1.4.3.RELEASE.jar;C:\Users\Lukasz\.m2\repository\ch\qos\logback\logback-classic\1.1.8\logback-classic-1.1.8.jar;C:\Users\Lukasz\.m2\repository\ch\qos\logback\logback-core\1.1.8\logback-core-1.1.8.jar;C:\Users\Lukasz\.m2\repository\org\slf4j\jcl-over-slf4j\1.7.22\jcl-over-slf4j-1.7.22.jar;C:\Users\Lukasz\.m2\repository\org\slf4j\jul-to-slf4j\1.7.22\jul-to-slf4j-1.7.22.jar;C:\Users\Lukasz\.m2\repository\org\slf4j\log4j-over-slf4j\1.7.22\log4j-over-slf4j-1.7.22.jar;C:\Users\Lukasz\.m2\repository\org\springframework\spring-core\4.3.5.RELEASE\spring-core-4.3.5.RELEASE.jar;C:\Users\Lukasz\.m2\repository\org\yaml\snakeyaml\1.17\snakeyaml-1.17.jar;C:\Users\Lukasz\.m2\repository\org\springframework\boot\spring-boot-starter-web\1.4.3.RELEASE\spring-boot-starter-web-1.4.3.RELEASE.jar;C:\Users\Lukasz\.m2\repository\org\springframework\boot\spring-boot-starter-tomcat\1.4.3.RELEASE\spring-boot-starter-tomcat-1.4.3.RELEASE.jar;C:\Users\Lukasz\.m2\repository\org\apache\tomcat\embed\tomcat-embed-core\8.5.6\tomcat-embed-core-8.5.6.jar;C:\Users\Lukasz\.m2\repository\org\apache\tomcat\embed\tomcat-embed-el\8.5.6\tomcat-embed-el-8.5.6.jar;C:\Users\Lukasz\.m2\repository\org\apache\tomcat\embed\tomcat-embed-websocket\8.5.6\tomcat-embed-websocket-8.5.6.jar;C:\Users\Lukasz\.m2\repository\org\hibernate\hibernate-validator
Launcher Type: SUN_STANDARD

Environment Variables:
JAVA_HOME=C:\Program Files\Java\jdk1.8.0_111
PATH=C:\ProgramData\Oracle\Java\javapath;C:\Program Files (x86)\PC Connectivity Solution\;C:\Windows\system32;C:\Windows;C:\Windows\System32\Wbem;C:\Windows\System32\WindowsPowerShell\v1.0\;C:\Program Files (x86)\ATI Technologies\ATI.ACE\Core-Static;C:\Program Files\Lenovo\Bluetooth Software\;C:\Program Files\Lenovo\Bluetooth Software\syswow64;C:\TwinCAT\Common32;C:\TwinCAT\Common64;C:\Program Files\Microsoft\Web Platform Installer\;C:\Program Files (x86)\Microsoft ASP.NET\ASP.NET Web Pages\v1.0\;C:\Program Files\Microsoft SQL Server\110\Tools\Binn\;C:\Program Files\Microsoft SQL Server\120\Tools\Binn\;C:\Program Files\Microsoft SQL Server\Client SDK\ODBC\110\Tools\Binn\;C:\Program Files (x86)\Microsoft SQL Server\120\Tools\Binn\;C:\Program Files\Microsoft SQL Server\120\DTS\Binn\;C:\Program Files (x86)\Microsoft SQL Server\120\Tools\Binn\ManagementStudio\;C:\Program Files (x86)\Microsoft SQL Server\120\DTS\Binn\;C:\Windows\system32\config\systemprofile\.dnx\bin;C:\Program Files\Microsoft DNX\Dnvm\;C:\Program Files (x86)\Windows Kits\8.1\Windows Performance Toolkit\;C:\Program Files (x86)\nodejs\;C:\Program Files (x86)\Skype\Phone\;C:\Program Files\PuTTY\;C:\Program Files\Git\cmd;C:\Program Files\TortoiseGit\bin;C:\Users\Lukasz\.dnx\bin;C:\Users\Lukasz\AppData\Roaming\npm;C:\Program Files\Java\jdk1.7.0_80\bin;C:\maven\bin;C:\Program Files (x86)\Microsoft VS Code Insiders\bin
USERNAME=Lukasz
OS=Windows_NT
PROCESSOR_IDENTIFIER=Intel64 Family 6 Model 42 Stepping 7, GenuineIntel



---------------  S Y S T E M  ---------------

OS: Windows 7 , 64 bit Build 7601 (6.1.7601.19018)

CPU:total 4 (2 cores per cpu, 2 threads per core) family 6 model 42 stepping 7, cmov, cx8, fxsr, mmx, sse, sse2, sse3, ssse3, sse4.1, sse4.2, popcnt, avx, clmul, ht, tsc, tscinvbit

Memory: 4k page, physical 6272880k(1804880k free), swap 12543924k(6862636k free)

vm_info: Java HotSpot(TM) 64-Bit Server VM (25.111-b14) for windows-amd64 JRE (1.8.0_111-b14), built on Sep 22 2016 19:24:05 by "java_re" with MS VC++ 10.0 (VS2010)

time: Fri Apr 28 19:37:51 2017
elapsed time: 11 seconds (0d 0h 0m 11s)

